  [1m[36m (0.1ms)[0m  [1mselect sqlite_version(*)[0m
  [1m[35m (1.3ms)[0m  CREATE TABLE "schema_migrations" ("version" varchar(255) NOT NULL) 
  [1m[36m (0.0ms)[0m  [1mPRAGMA index_list("schema_migrations")[0m
  [1m[35m (1.1ms)[0m  CREATE UNIQUE INDEX "unique_schema_migrations" ON "schema_migrations" ("version")
  [1m[36m (0.1ms)[0m  [1mSELECT "schema_migrations"."version" FROM "schema_migrations" [0m
Migrating to DeviseCreateUsers (20120501210701)
  [1m[35m (0.0ms)[0m  begin transaction
  [1m[36m (0.7ms)[0m  [1mCREATE TABLE "users" ("id" INTEGER PRIMARY KEY AUTOINCREMENT NOT NULL, "email" varchar(255) DEFAULT '' NOT NULL, "encrypted_password" varchar(255) DEFAULT '' NOT NULL, "reset_password_token" varchar(255), "reset_password_sent_at" datetime, "remember_created_at" datetime, "sign_in_count" integer DEFAULT 0, "current_sign_in_at" datetime, "last_sign_in_at" datetime, "current_sign_in_ip" varchar(255), "last_sign_in_ip" varchar(255), "city" varchar(255), "state" varchar(255), "country" varchar(255), "name_first" varchar(255), "name_last" varchar(255), "about" text, "created_at" datetime NOT NULL, "updated_at" datetime NOT NULL) [0m
  [1m[35m (0.0ms)[0m  PRAGMA index_list("users")
  [1m[36m (0.4ms)[0m  [1mCREATE UNIQUE INDEX "index_users_on_email" ON "users" ("email")[0m
  [1m[35m (0.0ms)[0m  PRAGMA index_list("users")
  [1m[36m (0.0ms)[0m  [1mPRAGMA index_info('index_users_on_email')[0m
  [1m[35m (0.1ms)[0m  CREATE UNIQUE INDEX "index_users_on_reset_password_token" ON "users" ("reset_password_token")
  [1m[36m (0.1ms)[0m  [1mINSERT INTO "schema_migrations" ("version") VALUES ('20120501210701')[0m
  [1m[35m (1.2ms)[0m  commit transaction
  [1m[36m (0.3ms)[0m  [1mselect sqlite_version(*)[0m
  [1m[35m (0.1ms)[0m  SELECT "schema_migrations"."version" FROM "schema_migrations" 
  [1m[36m (0.0ms)[0m  [1mPRAGMA index_list("users")[0m
  [1m[35m (0.0ms)[0m  PRAGMA index_info('index_users_on_reset_password_token')
  [1m[36m (0.0ms)[0m  [1mPRAGMA index_info('index_users_on_email')[0m


Started GET "/assets/rails.png" for 127.0.0.1 at 2012-05-01 15:08:38 -0600
Served asset /rails.png - 200 OK (6ms)


Started GET "/users" for 127.0.0.1 at 2012-05-01 15:08:47 -0600

ActionController::RoutingError (No route matches [GET] "/users"):
  actionpack (3.2.3) lib/action_dispatch/middleware/debug_exceptions.rb:21:in `call'
  actionpack (3.2.3) lib/action_dispatch/middleware/show_exceptions.rb:56:in `call'
  railties (3.2.3) lib/rails/rack/logger.rb:26:in `call_app'
  railties (3.2.3) lib/rails/rack/logger.rb:16:in `call'
  actionpack (3.2.3) lib/action_dispatch/middleware/request_id.rb:22:in `call'
  rack (1.4.1) lib/rack/methodoverride.rb:21:in `call'
  rack (1.4.1) lib/rack/runtime.rb:17:in `call'
  activesupport (3.2.3) lib/active_support/cache/strategy/local_cache.rb:72:in `call'
  rack (1.4.1) lib/rack/lock.rb:15:in `call'
  actionpack (3.2.3) lib/action_dispatch/middleware/static.rb:62:in `call'
  railties (3.2.3) lib/rails/engine.rb:479:in `call'
  railties (3.2.3) lib/rails/application.rb:220:in `call'
  rack (1.4.1) lib/rack/content_length.rb:14:in `call'
  railties (3.2.3) lib/rails/rack/log_tailer.rb:14:in `call'
  rack (1.4.1) lib/rack/handler/webrick.rb:59:in `service'
  /Users/isaac/.rvm/rubies/ruby-1.9.3-p125/lib/ruby/1.9.1/webrick/httpserver.rb:138:in `service'
  /Users/isaac/.rvm/rubies/ruby-1.9.3-p125/lib/ruby/1.9.1/webrick/httpserver.rb:94:in `run'
  /Users/isaac/.rvm/rubies/ruby-1.9.3-p125/lib/ruby/1.9.1/webrick/server.rb:191:in `block in start_thread'


  Rendered /Users/isaac/.rvm/gems/ruby-1.9.3-p125/gems/actionpack-3.2.3/lib/action_dispatch/middleware/templates/rescues/routing_error.erb within rescues/layout (2.5ms)


Started GET "/users/sign_in" for 127.0.0.1 at 2012-05-01 15:10:17 -0600
Processing by Devise::SessionsController#new as HTML
  Rendered /Users/isaac/.rvm/gems/ruby-1.9.3-p125/gems/devise-2.0.4/app/views/devise/_links.erb (1.6ms)
  Rendered /Users/isaac/.rvm/gems/ruby-1.9.3-p125/gems/devise-2.0.4/app/views/devise/sessions/new.html.erb within layouts/application (13.9ms)
Compiled application.css  (0ms)  (pid 61119)
Compiled jquery.js  (2ms)  (pid 61119)
Compiled jquery_ujs.js  (0ms)  (pid 61119)
Compiled application.js  (20ms)  (pid 61119)
Completed 200 OK in 169ms (Views: 125.1ms | ActiveRecord: 1.8ms)


Started GET "/assets/application.css?body=1" for 127.0.0.1 at 2012-05-01 15:10:17 -0600
Served asset /application.css - 200 OK (14ms)


Started GET "/assets/jquery.js?body=1" for 127.0.0.1 at 2012-05-01 15:10:17 -0600
Served asset /jquery.js - 200 OK (2ms)


Started GET "/assets/jquery_ujs.js?body=1" for 127.0.0.1 at 2012-05-01 15:10:17 -0600
Served asset /jquery_ujs.js - 200 OK (1ms)


Started GET "/assets/application.js?body=1" for 127.0.0.1 at 2012-05-01 15:10:17 -0600
Served asset /application.js - 200 OK (3ms)


Started GET "/users/sign_up" for 127.0.0.1 at 2012-05-01 15:10:21 -0600
Processing by Devise::RegistrationsController#new as HTML
  Rendered /Users/isaac/.rvm/gems/ruby-1.9.3-p125/gems/devise-2.0.4/app/views/devise/_links.erb (0.7ms)
  Rendered /Users/isaac/.rvm/gems/ruby-1.9.3-p125/gems/devise-2.0.4/app/views/devise/registrations/new.html.erb within layouts/application (33.4ms)
Completed 200 OK in 39ms (Views: 38.1ms | ActiveRecord: 0.0ms)


Started GET "/users/sign_up" for 127.0.0.1 at 2012-05-01 15:16:03 -0600
Processing by Devise::RegistrationsController#new as HTML
  Rendered /Users/isaac/.rvm/gems/ruby-1.9.3-p125/gems/devise-2.0.4/app/views/devise/_links.erb (1.8ms)
  Rendered /Users/isaac/.rvm/gems/ruby-1.9.3-p125/gems/devise-2.0.4/app/views/devise/registrations/new.html.erb within layouts/application (37.9ms)
Completed 200 OK in 120ms (Views: 57.6ms | ActiveRecord: 1.8ms)


Started GET "/assets/jquery.js?body=1" for 127.0.0.1 at 2012-05-01 15:16:03 -0600
Served asset /jquery.js - 304 Not Modified (6ms)


Started GET "/assets/application.css?body=1" for 127.0.0.1 at 2012-05-01 15:16:03 -0600
Served asset /application.css - 304 Not Modified (1ms)


Started GET "/assets/application.js?body=1" for 127.0.0.1 at 2012-05-01 15:16:03 -0600
Served asset /application.js - 304 Not Modified (4ms)


Started GET "/assets/jquery_ujs.js?body=1" for 127.0.0.1 at 2012-05-01 15:16:03 -0600
Served asset /jquery_ujs.js - 304 Not Modified (2ms)
